  a.cpp
C:\Users\11\source\repos\itogovaya rabota\itogovaya rabota\a.cpp(8,66): warning C4244: аргумент: преобразование "T" в "float", возможна потеря данных
          with
          [
              T=unsigned int
          ]
C:\Users\11\source\repos\itogovaya rabota\itogovaya rabota\a.cpp(8,41): warning C4244: аргумент: преобразование "T" в "float", возможна потеря данных
          with
          [
              T=unsigned int
          ]
C:\Users\11\source\repos\itogovaya rabota\itogovaya rabota\a.cpp(47,66): warning C4244: аргумент: преобразование "T" в "float", возможна потеря данных
          with
          [
              T=unsigned int
          ]
C:\Users\11\source\repos\itogovaya rabota\itogovaya rabota\a.cpp(47,41): warning C4244: аргумент: преобразование "T" в "float", возможна потеря данных
          with
          [
              T=unsigned int
          ]
  main.cpp
C:\Users\11\source\repos\itogovaya rabota\itogovaya rabota\main.cpp(12,31): warning C4305: инициализация: усечение из "double" в "float"
C:\Users\11\source\repos\itogovaya rabota\itogovaya rabota\main.cpp(21,90): warning C4244: аргумент: преобразование "T" в "float", возможна потеря данных
          with
          [
              T=unsigned int
          ]
C:\Users\11\source\repos\itogovaya rabota\itogovaya rabota\main.cpp(21,42): warning C4244: аргумент: преобразование "T" в "float", возможна потеря данных
          with
          [
              T=unsigned int
          ]
  Создание кода
  0 of 82 functions ( 0.0%) were compiled, the rest were copied from previous compilation.
    0 functions were new in current compilation
    0 functions had inline decision re-evaluated but remain unchanged
  Создание кода завершено
  itogovaya rabota.vcxproj -> C:\Users\11\source\repos\itogovaya rabota\Release\itogovaya rabota.exe
